<?xml version="1.0" encoding="UTF-8"?>
<!-- Generated by org.testng.reporters.JUnitXMLReporter -->
<testsuite ignored="0" hostname="ENCDAPPUNLT0286" failures="0" tests="4" name="Surefire test" time="84.445" errors="0" timestamp="2026-06-18T19:00:09 IST">
  <testcase classname="com.automation.ORGTest" name="verifyLoginPageTitle" time="0.014"/>
  <testcase classname="com.automation.ORGTest" name="verifyLoginFunctionality" time="5.597"/>
  <testcase classname="com.automation.ORGTest" name="dashBoardFunctionality" time="40.555"/>
  <testcase classname="com.automation.ORGTest" name="recruitmentFunctionality" time="38.255"/>
</testsuite> <!-- Surefire test -->
