<?xml version="1.0" encoding="UTF-8"?>
<!-- Generated by org.testng.reporters.JUnitXMLReporter -->
<testsuite ignored="0" hostname="ENCDAPPUNLT0286" failures="0" tests="4" name="Surefire test" time="61.576" errors="0" timestamp="2026-06-18T14:57:40 IST">
  <testcase classname="com.automation.ORGTest" name="verifyLoginPageTitle" time="0.014"/>
  <testcase classname="com.automation.ORGTest" name="verifyLoginFunctionality" time="3.415"/>
  <testcase classname="com.automation.ORGTest" name="dashBoardFunctionality" time="25.712"/>
  <testcase classname="com.automation.ORGTest" name="recruitmentFunctionality" time="32.412"/>
</testsuite> <!-- Surefire test -->
