<?xml version="1.0" encoding="UTF-8"?>
<testng-results ignored="0" total="4" passed="3" failed="1" skipped="0">
  <reporter-output>
  </reporter-output>
  <suite started-at="2026-06-25T14:29:48 IST" name="OrangeHRM Suite" finished-at="2026-06-25T14:31:03 IST" duration-ms="75003">
    <groups>
    </groups>
    <test started-at="2026-06-25T14:29:48 IST" name="UI Tests" finished-at="2026-06-25T14:31:03 IST" duration-ms="75003">
      <class name="com.automation.ORGTest">
        <test-method is-config="true" signature="setUp()[pri:0, instance:com.automation.ORGTest@6cfcd46d]" started-at="2026-06-25T14:27:43 IST" name="setUp" finished-at="2026-06-25T14:29:48 IST" duration-ms="124769" status="PASS">
          <reporter-output>
          </reporter-output>
        </test-method> <!-- setUp -->
        <test-method signature="verifyLoginPageTitle()[pri:1, instance:com.automation.ORGTest@6cfcd46d]" started-at="2026-06-25T14:29:48 IST" name="verifyLoginPageTitle" finished-at="2026-06-25T14:29:48 IST" duration-ms="18" status="PASS">
          <reporter-output>
          </reporter-output>
        </test-method> <!-- verifyLoginPageTitle -->
        <test-method signature="verifyLoginFunctionality()[pri:0, instance:com.automation.ORGTest@6cfcd46d]" started-at="2026-06-25T14:29:48 IST" name="verifyLoginFunctionality" finished-at="2026-06-25T14:29:53 IST" depends-on-methods="com.automation.ORGTest.verifyLoginPageTitle" duration-ms="4736" status="PASS">
          <reporter-output>
          </reporter-output>
        </test-method> <!-- verifyLoginFunctionality -->
        <test-method signature="dashBoardFunctionality()[pri:0, instance:com.automation.ORGTest@6cfcd46d]" started-at="2026-06-25T14:29:53 IST" name="dashBoardFunctionality" finished-at="2026-06-25T14:30:40 IST" depends-on-methods="com.automation.ORGTest.verifyLoginFunctionality" duration-ms="46682" status="PASS">
          <reporter-output>
          </reporter-output>
        </test-method> <!-- dashBoardFunctionality -->
        <test-method signature="recruitmentFunctionality()[pri:0, instance:com.automation.ORGTest@6cfcd46d]" started-at="2026-06-25T14:30:40 IST" name="recruitmentFunctionality" finished-at="2026-06-25T14:31:03 IST" depends-on-methods="com.automation.ORGTest.dashBoardFunctionality" duration-ms="23334" status="FAIL">
          <exception class="java.lang.AssertionError">
            <message>
              <![CDATA[expected [true] but found [false]]]>
            </message>
            <full-stacktrace>
              <![CDATA[java.lang.AssertionError: expected [true] but found [false]
at org.testng.Assert.fail(Assert.java:111)
at org.testng.Assert.failNotEquals(Assert.java:1590)
at org.testng.Assert.assertTrue(Assert.java:57)
at org.testng.Assert.assertTrue(Assert.java:67)
at com.automation.ORGTest.recruitmentFunctionality(ORGTest.java:57)
at java.base/jdk.internal.reflect.DirectMethodHandleAccessor.invoke(DirectMethodHandleAccessor.java:103)
at java.base/java.lang.reflect.Method.invoke(Method.java:580)
at org.testng.internal.invokers.MethodInvocationHelper.invokeMethod(MethodInvocationHelper.java:141)
at org.testng.internal.invokers.TestInvoker.invokeMethod(TestInvoker.java:687)
at org.testng.internal.invokers.TestInvoker.invokeTestMethod(TestInvoker.java:230)
at org.testng.internal.invokers.MethodRunner.runInSequence(MethodRunner.java:63)
at org.testng.internal.invokers.TestInvoker$MethodInvocationAgent.invoke(TestInvoker.java:995)
at org.testng.internal.invokers.TestInvoker.invokeTestMethods(TestInvoker.java:203)
at org.testng.internal.invokers.TestMethodWorker.invokeTestMethods(TestMethodWorker.java:154)
at org.testng.internal.invokers.TestMethodWorker.run(TestMethodWorker.java:134)
at java.base/java.util.ArrayList.forEach(ArrayList.java:1596)
at org.testng.TestRunner.privateRun(TestRunner.java:741)
at org.testng.TestRunner.run(TestRunner.java:616)
at org.testng.SuiteRunner.runTest(SuiteRunner.java:421)
at org.testng.SuiteRunner.runSequentially(SuiteRunner.java:413)
at org.testng.SuiteRunner.privateRun(SuiteRunner.java:373)
at org.testng.SuiteRunner.run(SuiteRunner.java:312)
at org.testng.SuiteRunnerWorker.runSuite(SuiteRunnerWorker.java:52)
at org.testng.SuiteRunnerWorker.run(SuiteRunnerWorker.java:95)
at org.testng.TestNG.runSuitesSequentially(TestNG.java:1274)
at org.testng.TestNG.runSuitesLocally(TestNG.java:1208)
at org.testng.TestNG.runSuites(TestNG.java:1112)
at org.testng.TestNG.run(TestNG.java:1079)
at org.apache.maven.surefire.testng.TestNGExecutor.run(TestNGExecutor.java:283)
at org.apache.maven.surefire.testng.TestNGXmlTestSuite.execute(TestNGXmlTestSuite.java:75)
at org.apache.maven.surefire.testng.TestNGProvider.invoke(TestNGProvider.java:120)
at org.apache.maven.surefire.booter.ForkedBooter.invokeProviderInSameClassLoader(ForkedBooter.java:384)
at org.apache.maven.surefire.booter.ForkedBooter.runSuitesInProcess(ForkedBooter.java:345)
at org.apache.maven.surefire.booter.ForkedBooter.execute(ForkedBooter.java:126)
at org.apache.maven.surefire.booter.ForkedBooter.main(ForkedBooter.java:418)
]]>
            </full-stacktrace>
          </exception> <!-- java.lang.AssertionError -->
          <reporter-output>
          </reporter-output>
        </test-method> <!-- recruitmentFunctionality -->
        <test-method is-config="true" signature="tearDown()[pri:0, instance:com.automation.ORGTest@6cfcd46d]" started-at="2026-06-25T14:31:03 IST" name="tearDown" finished-at="2026-06-25T14:31:03 IST" duration-ms="109" status="PASS">
          <reporter-output>
          </reporter-output>
        </test-method> <!-- tearDown -->
      </class> <!-- com.automation.ORGTest -->
    </test> <!-- UI Tests -->
  </suite> <!-- OrangeHRM Suite -->
</testng-results>
